<?xml version="1.0" encoding="UTF-8"?>
<!-- Generated by org.testng.reporters.JUnitReportReporter -->
<testsuite hostname="MX-CELLAR-QA9L" failures="0" tests="5" name="com.jccompany.app.MyCases" time="0.034" errors="0" timestamp="2023-12-11T13:00:56 GMT-06:00" skipped="0">
  <testcase classname="com.jccompany.app.MyCases" name="testTwo" time="0.001"/>
  <testcase classname="com.jccompany.app.MyCases" name="testOne" time="0.001"/>
  <testcase classname="com.jccompany.app.MyCases" name="testThree" time="0.001"/>
  <testcase classname="com.jccompany.app.MyCases" name="testFour" time="0.001"/>
  <testcase classname="com.jccompany.app.MyCases" name="testFive" time="0.030"/>
</testsuite> <!-- com.jccompany.app.MyCases -->
