<?xml version="1.0" encoding="UTF-8"?>
<!-- Generated by org.testng.reporters.JUnitReportReporter -->
<testsuite hostname="MX-CELLAR-QA9L" failures="0" tests="5" name="com.jccompany.app.MyCasesNew" time="0.002" errors="0" timestamp="2023-12-11T13:00:56 GMT-06:00" skipped="0">
  <testcase classname="com.jccompany.app.MyCasesNew" name="testSix" time="0.000"/>
  <testcase classname="com.jccompany.app.MyCasesNew" name="testNine" time="0.001"/>
  <testcase classname="com.jccompany.app.MyCasesNew" name="testEight" time="0.000"/>
  <testcase classname="com.jccompany.app.MyCasesNew" name="testTen" time="0.000"/>
  <testcase classname="com.jccompany.app.MyCasesNew" name="testSeven" time="0.001"/>
</testsuite> <!-- com.jccompany.app.MyCasesNew -->
